2021-05-30 15:02:44,772  WARN [ModalContext] - ScalaProject - Project FP2021 has platform default sourceLevel.
2021-05-30 15:02:44,774  WARN [ModalContext] - ScalaProject - Project FP2021 runs on platform default installation.
2021-05-30 15:02:55,030  WARN [Worker-8] - ScalaProject - Project FP2021 has platform default sourceLevel.
2021-05-30 15:02:55,030  WARN [Worker-8] - ScalaProject - Project FP2021 runs on platform default installation.
2021-05-30 15:37:28,522  WARN [Worker-6] - ScalaProject - Project FP2021 has platform default sourceLevel.
2021-05-30 15:37:28,522  WARN [Worker-6] - ScalaProject - Project FP2021 runs on platform default installation.
2021-05-30 15:37:43,782  WARN [main] - ScalaProject - Project FP2021 has platform default sourceLevel.
2021-05-30 15:37:43,782  WARN [main] - ScalaProject - Project FP2021 runs on platform default installation.
2021-05-30 15:37:47,046  WARN [main] - ScalaProject - Project FP2021 has platform default sourceLevel.
2021-05-30 15:37:47,046  WARN [main] - ScalaProject - Project FP2021 runs on platform default installation.
2021-05-30 15:37:47,224  WARN [Worker-5] - ScalaProject - Project FP2021 has platform default sourceLevel.
2021-05-30 15:37:47,224  WARN [Worker-5] - ScalaProject - Project FP2021 runs on platform default installation.
2021-05-30 15:37:47,254  WARN [Worker-5] - ScalaProject - Project FP2021 has platform default sourceLevel.
2021-05-30 15:37:47,254  WARN [Worker-5] - ScalaProject - Project FP2021 runs on platform default installation.
2021-05-30 15:37:59,548  WARN [Worker-0] - ScalaProject - Project FP2021 has platform default sourceLevel.
2021-05-30 15:37:59,548  WARN [Worker-0] - ScalaProject - Project FP2021 runs on platform default installation.
2021-05-30 15:38:22,097  WARN [Worker-1] - ScalaProject - Project FP2021 has platform default sourceLevel.
2021-05-30 15:38:22,097  WARN [Worker-1] - ScalaProject - Project FP2021 runs on platform default installation.
2021-05-30 15:38:28,045  WARN [Worker-3] - ScalaProject - Project FP2021 has platform default sourceLevel.
2021-05-30 15:38:28,045  WARN [Worker-3] - ScalaProject - Project FP2021 runs on platform default installation.
2021-05-30 15:38:30,177  WARN [Worker-6] - ScalaProject - Project FP2021 has platform default sourceLevel.
2021-05-30 15:38:30,177  WARN [Worker-6] - ScalaProject - Project FP2021 runs on platform default installation.
2021-05-30 15:38:48,558  WARN [Worker-6] - ScalaProject - Project FP2021 has platform default sourceLevel.
2021-05-30 15:38:48,558  WARN [Worker-6] - ScalaProject - Project FP2021 runs on platform default installation.
2021-05-30 15:38:57,507  WARN [Worker-0] - ScalaProject - Project FP2021 has platform default sourceLevel.
2021-05-30 15:38:57,507  WARN [Worker-0] - ScalaProject - Project FP2021 runs on platform default installation.
2021-05-30 16:45:35,150  WARN [main] - ScalaProject - Project FP2021 has platform default sourceLevel.
2021-05-30 16:45:35,152  WARN [main] - ScalaProject - Project FP2021 runs on platform default installation.
2021-05-30 16:45:35,152  WARN [main] - ScalaProject - Project FP2021 has platform default sourceLevel.
2021-05-30 16:45:35,152  WARN [main] - ScalaProject - Project FP2021 runs on platform default installation.
2021-05-30 16:45:56,312  WARN [Worker-7] - ScalaProject - Project FP2021 has platform default sourceLevel.
2021-05-30 16:45:56,312  WARN [Worker-7] - ScalaProject - Project FP2021 runs on platform default installation.
2021-05-30 16:45:56,337  WARN [Worker-7] - ScalaProject - Project FP2021 has platform default sourceLevel.
2021-05-30 16:45:56,337  WARN [Worker-7] - ScalaProject - Project FP2021 runs on platform default installation.
